2026-02-24 09:05:58 java.lang.ClassCastException: class game.dragonhero.table.StandaloneMoveRoom cannot be cast to class game.dragonhero.table.BaseRoom (game.dragonhero.table.StandaloneMoveRoom and game.dragonhero.table.BaseRoom are in unnamed module of loader 'app')
	at ozudo.base.helper.ChUtil.getRoom(ChUtil.java:51)
	at game.monitor.Online.logoutChannel(Online.java:162)
	at ozudo.net.AbstractHandler.close(AbstractHandler.java:82)
	at io.netty.channel.AbstractChannelHandlerContext.invokeClose(AbstractChannelHandlerContext.java:622)
	at io.netty.channel.AbstractChannelHandlerContext.close(AbstractChannelHandlerContext.java:606)
	at io.netty.channel.AbstractChannelHandlerContext.close(AbstractChannelHandlerContext.java:472)
	at io.netty.channel.DefaultChannelPipeline.close(DefaultChannelPipeline.java:957)
	at io.netty.channel.AbstractChannel.close(AbstractChannel.java:244)
	at ozudo.net.AbstractHandler.exceptionCaught(AbstractHandler.java:38)
	at io.netty.channel.AbstractChannelHandlerContext.invokeExceptionCaught(AbstractChannelHandlerContext.java:302)
	at io.netty.channel.AbstractChannelHandlerContext.invokeUserEventTriggered(AbstractChannelHandlerContext.java:348)
	at io.netty.channel.AbstractChannelHandlerContext.invokeUserEventTriggered(AbstractChannelHandlerContext.java:332)
	at io.netty.channel.AbstractChannelHandlerContext.fireUserEventTriggered(AbstractChannelHandlerContext.java:324)
	at io.netty.handler.timeout.IdleStateHandler.channelIdle(IdleStateHandler.java:373)
	at io.netty.handler.timeout.IdleStateHandler$ReaderIdleTimeoutTask.run(IdleStateHandler.java:503)
	at io.netty.handler.timeout.IdleStateHandler$AbstractIdleTask.run(IdleStateHandler.java:475)
	at io.netty.util.concurrent.PromiseTask.runTask(PromiseTask.java:98)
	at io.netty.util.concurrent.ScheduledFutureTask.run(ScheduledFutureTask.java:153)
	at io.netty.util.concurrent.AbstractEventExecutor.runTask(AbstractEventExecutor.java:174)
	at io.netty.util.concurrent.AbstractEventExecutor.safeExecute(AbstractEventExecutor.java:167)
	at io.netty.util.concurrent.SingleThreadEventExecutor.runAllTasks(SingleThreadEventExecutor.java:470)
	at io.netty.channel.nio.NioEventLoop.run(NioEventLoop.java:503)
	at io.netty.util.concurrent.SingleThreadEventExecutor$4.run(SingleThreadEventExecutor.java:997)
	at io.netty.util.internal.ThreadExecutorMap$2.run(ThreadExecutorMap.java:74)
	at io.netty.util.concurrent.FastThreadLocalRunnable.run(FastThreadLocalRunnable.java:30)
	at java.base/java.lang.Thread.run(Thread.java:840)

2026-02-24 09:05:58 java.lang.ClassCastException: class game.dragonhero.table.StandaloneMoveRoom cannot be cast to class game.dragonhero.table.BaseRoom (game.dragonhero.table.StandaloneMoveRoom and game.dragonhero.table.BaseRoom are in unnamed module of loader 'app')
	at ozudo.base.helper.ChUtil.getRoom(ChUtil.java:51)
	at game.monitor.Online.logoutChannel(Online.java:162)
	at ozudo.net.AbstractHandler.channelUnregistered(AbstractHandler.java:89)
	at io.netty.channel.AbstractChannelHandlerContext.invokeChannelUnregistered(AbstractChannelHandlerContext.java:198)
	at io.netty.channel.AbstractChannelHandlerContext.invokeChannelUnregistered(AbstractChannelHandlerContext.java:184)
	at io.netty.channel.AbstractChannelHandlerContext.fireChannelUnregistered(AbstractChannelHandlerContext.java:177)
	at io.netty.channel.DefaultChannelPipeline$HeadContext.channelUnregistered(DefaultChannelPipeline.java:1388)
	at io.netty.channel.AbstractChannelHandlerContext.invokeChannelUnregistered(AbstractChannelHandlerContext.java:198)
	at io.netty.channel.AbstractChannelHandlerContext.invokeChannelUnregistered(AbstractChannelHandlerContext.java:184)
	at io.netty.channel.DefaultChannelPipeline.fireChannelUnregistered(DefaultChannelPipeline.java:821)
	at io.netty.channel.AbstractChannel$AbstractUnsafe$7.run(AbstractChannel.java:821)
	at io.netty.util.concurrent.AbstractEventExecutor.runTask(AbstractEventExecutor.java:174)
	at io.netty.util.concurrent.AbstractEventExecutor.safeExecute(AbstractEventExecutor.java:167)
	at io.netty.util.concurrent.SingleThreadEventExecutor.runAllTasks(SingleThreadEventExecutor.java:470)
	at io.netty.channel.nio.NioEventLoop.run(NioEventLoop.java:503)
	at io.netty.util.concurrent.SingleThreadEventExecutor$4.run(SingleThreadEventExecutor.java:997)
	at io.netty.util.internal.ThreadExecutorMap$2.run(ThreadExecutorMap.java:74)
	at io.netty.util.concurrent.FastThreadLocalRunnable.run(FastThreadLocalRunnable.java:30)
	at java.base/java.lang.Thread.run(Thread.java:840)

2026-02-24 09:15:43 java.lang.ClassCastException: class game.dragonhero.table.StandaloneMoveRoom cannot be cast to class game.dragonhero.table.BaseRoom (game.dragonhero.table.StandaloneMoveRoom and game.dragonhero.table.BaseRoom are in unnamed module of loader 'app')
	at ozudo.base.helper.ChUtil.getRoom(ChUtil.java:51)
	at game.monitor.Online.logoutChannel(Online.java:162)
	at ozudo.net.AbstractHandler.channelUnregistered(AbstractHandler.java:89)
	at io.netty.channel.AbstractChannelHandlerContext.invokeChannelUnregistered(AbstractChannelHandlerContext.java:198)
	at io.netty.channel.AbstractChannelHandlerContext.invokeChannelUnregistered(AbstractChannelHandlerContext.java:184)
	at io.netty.channel.AbstractChannelHandlerContext.fireChannelUnregistered(AbstractChannelHandlerContext.java:177)
	at io.netty.channel.DefaultChannelPipeline$HeadContext.channelUnregistered(DefaultChannelPipeline.java:1388)
	at io.netty.channel.AbstractChannelHandlerContext.invokeChannelUnregistered(AbstractChannelHandlerContext.java:198)
	at io.netty.channel.AbstractChannelHandlerContext.invokeChannelUnregistered(AbstractChannelHandlerContext.java:184)
	at io.netty.channel.DefaultChannelPipeline.fireChannelUnregistered(DefaultChannelPipeline.java:821)
	at io.netty.channel.AbstractChannel$AbstractUnsafe$7.run(AbstractChannel.java:821)
	at io.netty.util.concurrent.AbstractEventExecutor.runTask(AbstractEventExecutor.java:174)
	at io.netty.util.concurrent.AbstractEventExecutor.safeExecute(AbstractEventExecutor.java:167)
	at io.netty.util.concurrent.SingleThreadEventExecutor.runAllTasks(SingleThreadEventExecutor.java:470)
	at io.netty.channel.nio.NioEventLoop.run(NioEventLoop.java:500)
	at io.netty.util.concurrent.SingleThreadEventExecutor$4.run(SingleThreadEventExecutor.java:997)
	at io.netty.util.internal.ThreadExecutorMap$2.run(ThreadExecutorMap.java:74)
	at io.netty.util.concurrent.FastThreadLocalRunnable.run(FastThreadLocalRunnable.java:30)
	at java.base/java.lang.Thread.run(Thread.java:840)

2026-02-24 09:28:22 java.lang.ClassCastException: class game.dragonhero.table.StandaloneMoveRoom cannot be cast to class game.dragonhero.table.BaseRoom (game.dragonhero.table.StandaloneMoveRoom and game.dragonhero.table.BaseRoom are in unnamed module of loader 'app')
	at ozudo.base.helper.ChUtil.getRoom(ChUtil.java:51)
	at game.monitor.Online.logoutChannel(Online.java:162)
	at ozudo.net.AbstractHandler.channelUnregistered(AbstractHandler.java:89)
	at io.netty.channel.AbstractChannelHandlerContext.invokeChannelUnregistered(AbstractChannelHandlerContext.java:198)
	at io.netty.channel.AbstractChannelHandlerContext.invokeChannelUnregistered(AbstractChannelHandlerContext.java:184)
	at io.netty.channel.AbstractChannelHandlerContext.fireChannelUnregistered(AbstractChannelHandlerContext.java:177)
	at io.netty.channel.DefaultChannelPipeline$HeadContext.channelUnregistered(DefaultChannelPipeline.java:1388)
	at io.netty.channel.AbstractChannelHandlerContext.invokeChannelUnregistered(AbstractChannelHandlerContext.java:198)
	at io.netty.channel.AbstractChannelHandlerContext.invokeChannelUnregistered(AbstractChannelHandlerContext.java:184)
	at io.netty.channel.DefaultChannelPipeline.fireChannelUnregistered(DefaultChannelPipeline.java:821)
	at io.netty.channel.AbstractChannel$AbstractUnsafe$7.run(AbstractChannel.java:821)
	at io.netty.util.concurrent.AbstractEventExecutor.runTask(AbstractEventExecutor.java:174)
	at io.netty.util.concurrent.AbstractEventExecutor.safeExecute(AbstractEventExecutor.java:167)
	at io.netty.util.concurrent.SingleThreadEventExecutor.runAllTasks(SingleThreadEventExecutor.java:470)
	at io.netty.channel.nio.NioEventLoop.run(NioEventLoop.java:500)
	at io.netty.util.concurrent.SingleThreadEventExecutor$4.run(SingleThreadEventExecutor.java:997)
	at io.netty.util.internal.ThreadExecutorMap$2.run(ThreadExecutorMap.java:74)
	at io.netty.util.concurrent.FastThreadLocalRunnable.run(FastThreadLocalRunnable.java:30)
	at java.base/java.lang.Thread.run(Thread.java:840)

2026-02-24 09:28:39 java.lang.ClassCastException: class game.dragonhero.table.StandaloneMoveRoom cannot be cast to class game.dragonhero.table.BaseRoom (game.dragonhero.table.StandaloneMoveRoom and game.dragonhero.table.BaseRoom are in unnamed module of loader 'app')
	at ozudo.base.helper.ChUtil.getRoom(ChUtil.java:51)
	at game.monitor.Online.logoutChannel(Online.java:162)
	at ozudo.net.AbstractHandler.channelUnregistered(AbstractHandler.java:89)
	at io.netty.channel.AbstractChannelHandlerContext.invokeChannelUnregistered(AbstractChannelHandlerContext.java:198)
	at io.netty.channel.AbstractChannelHandlerContext.invokeChannelUnregistered(AbstractChannelHandlerContext.java:184)
	at io.netty.channel.AbstractChannelHandlerContext.fireChannelUnregistered(AbstractChannelHandlerContext.java:177)
	at io.netty.channel.DefaultChannelPipeline$HeadContext.channelUnregistered(DefaultChannelPipeline.java:1388)
	at io.netty.channel.AbstractChannelHandlerContext.invokeChannelUnregistered(AbstractChannelHandlerContext.java:198)
	at io.netty.channel.AbstractChannelHandlerContext.invokeChannelUnregistered(AbstractChannelHandlerContext.java:184)
	at io.netty.channel.DefaultChannelPipeline.fireChannelUnregistered(DefaultChannelPipeline.java:821)
	at io.netty.channel.AbstractChannel$AbstractUnsafe$7.run(AbstractChannel.java:821)
	at io.netty.util.concurrent.AbstractEventExecutor.runTask(AbstractEventExecutor.java:174)
	at io.netty.util.concurrent.AbstractEventExecutor.safeExecute(AbstractEventExecutor.java:167)
	at io.netty.util.concurrent.SingleThreadEventExecutor.runAllTasks(SingleThreadEventExecutor.java:470)
	at io.netty.channel.nio.NioEventLoop.run(NioEventLoop.java:500)
	at io.netty.util.concurrent.SingleThreadEventExecutor$4.run(SingleThreadEventExecutor.java:997)
	at io.netty.util.internal.ThreadExecutorMap$2.run(ThreadExecutorMap.java:74)
	at io.netty.util.concurrent.FastThreadLocalRunnable.run(FastThreadLocalRunnable.java:30)
	at java.base/java.lang.Thread.run(Thread.java:840)

2026-02-24 09:28:48 java.lang.ClassCastException: class game.dragonhero.table.StandaloneMoveRoom cannot be cast to class game.dragonhero.table.BaseRoom (game.dragonhero.table.StandaloneMoveRoom and game.dragonhero.table.BaseRoom are in unnamed module of loader 'app')
	at ozudo.base.helper.ChUtil.getRoom(ChUtil.java:51)
	at game.monitor.Online.logoutChannel(Online.java:162)
	at ozudo.net.AbstractHandler.channelUnregistered(AbstractHandler.java:89)
	at io.netty.channel.AbstractChannelHandlerContext.invokeChannelUnregistered(AbstractChannelHandlerContext.java:198)
	at io.netty.channel.AbstractChannelHandlerContext.invokeChannelUnregistered(AbstractChannelHandlerContext.java:184)
	at io.netty.channel.AbstractChannelHandlerContext.fireChannelUnregistered(AbstractChannelHandlerContext.java:177)
	at io.netty.channel.DefaultChannelPipeline$HeadContext.channelUnregistered(DefaultChannelPipeline.java:1388)
	at io.netty.channel.AbstractChannelHandlerContext.invokeChannelUnregistered(AbstractChannelHandlerContext.java:198)
	at io.netty.channel.AbstractChannelHandlerContext.invokeChannelUnregistered(AbstractChannelHandlerContext.java:184)
	at io.netty.channel.DefaultChannelPipeline.fireChannelUnregistered(DefaultChannelPipeline.java:821)
	at io.netty.channel.AbstractChannel$AbstractUnsafe$7.run(AbstractChannel.java:821)
	at io.netty.util.concurrent.AbstractEventExecutor.runTask(AbstractEventExecutor.java:174)
	at io.netty.util.concurrent.AbstractEventExecutor.safeExecute(AbstractEventExecutor.java:167)
	at io.netty.util.concurrent.SingleThreadEventExecutor.runAllTasks(SingleThreadEventExecutor.java:470)
	at io.netty.channel.nio.NioEventLoop.run(NioEventLoop.java:500)
	at io.netty.util.concurrent.SingleThreadEventExecutor$4.run(SingleThreadEventExecutor.java:997)
	at io.netty.util.internal.ThreadExecutorMap$2.run(ThreadExecutorMap.java:74)
	at io.netty.util.concurrent.FastThreadLocalRunnable.run(FastThreadLocalRunnable.java:30)
	at java.base/java.lang.Thread.run(Thread.java:840)

2026-02-24 09:29:02 java.lang.ClassCastException: class game.dragonhero.table.StandaloneMoveRoom cannot be cast to class game.dragonhero.table.BaseRoom (game.dragonhero.table.StandaloneMoveRoom and game.dragonhero.table.BaseRoom are in unnamed module of loader 'app')
	at ozudo.base.helper.ChUtil.getRoom(ChUtil.java:51)
	at game.monitor.Online.logoutChannel(Online.java:162)
	at ozudo.net.AbstractHandler.channelUnregistered(AbstractHandler.java:89)
	at io.netty.channel.AbstractChannelHandlerContext.invokeChannelUnregistered(AbstractChannelHandlerContext.java:198)
	at io.netty.channel.AbstractChannelHandlerContext.invokeChannelUnregistered(AbstractChannelHandlerContext.java:184)
	at io.netty.channel.AbstractChannelHandlerContext.fireChannelUnregistered(AbstractChannelHandlerContext.java:177)
	at io.netty.channel.DefaultChannelPipeline$HeadContext.channelUnregistered(DefaultChannelPipeline.java:1388)
	at io.netty.channel.AbstractChannelHandlerContext.invokeChannelUnregistered(AbstractChannelHandlerContext.java:198)
	at io.netty.channel.AbstractChannelHandlerContext.invokeChannelUnregistered(AbstractChannelHandlerContext.java:184)
	at io.netty.channel.DefaultChannelPipeline.fireChannelUnregistered(DefaultChannelPipeline.java:821)
	at io.netty.channel.AbstractChannel$AbstractUnsafe$7.run(AbstractChannel.java:821)
	at io.netty.util.concurrent.AbstractEventExecutor.runTask(AbstractEventExecutor.java:174)
	at io.netty.util.concurrent.AbstractEventExecutor.safeExecute(AbstractEventExecutor.java:167)
	at io.netty.util.concurrent.SingleThreadEventExecutor.runAllTasks(SingleThreadEventExecutor.java:470)
	at io.netty.channel.nio.NioEventLoop.run(NioEventLoop.java:500)
	at io.netty.util.concurrent.SingleThreadEventExecutor$4.run(SingleThreadEventExecutor.java:997)
	at io.netty.util.internal.ThreadExecutorMap$2.run(ThreadExecutorMap.java:74)
	at io.netty.util.concurrent.FastThreadLocalRunnable.run(FastThreadLocalRunnable.java:30)
	at java.base/java.lang.Thread.run(Thread.java:840)

2026-02-24 09:30:58 java.lang.ClassCastException: class game.dragonhero.table.StandaloneMoveRoom cannot be cast to class game.dragonhero.table.BaseRoom (game.dragonhero.table.StandaloneMoveRoom and game.dragonhero.table.BaseRoom are in unnamed module of loader 'app')
	at ozudo.base.helper.ChUtil.getRoom(ChUtil.java:51)
	at game.monitor.Online.logoutChannel(Online.java:162)
	at ozudo.net.AbstractHandler.channelUnregistered(AbstractHandler.java:89)
	at io.netty.channel.AbstractChannelHandlerContext.invokeChannelUnregistered(AbstractChannelHandlerContext.java:198)
	at io.netty.channel.AbstractChannelHandlerContext.invokeChannelUnregistered(AbstractChannelHandlerContext.java:184)
	at io.netty.channel.AbstractChannelHandlerContext.fireChannelUnregistered(AbstractChannelHandlerContext.java:177)
	at io.netty.channel.DefaultChannelPipeline$HeadContext.channelUnregistered(DefaultChannelPipeline.java:1388)
	at io.netty.channel.AbstractChannelHandlerContext.invokeChannelUnregistered(AbstractChannelHandlerContext.java:198)
	at io.netty.channel.AbstractChannelHandlerContext.invokeChannelUnregistered(AbstractChannelHandlerContext.java:184)
	at io.netty.channel.DefaultChannelPipeline.fireChannelUnregistered(DefaultChannelPipeline.java:821)
	at io.netty.channel.AbstractChannel$AbstractUnsafe$7.run(AbstractChannel.java:821)
	at io.netty.util.concurrent.AbstractEventExecutor.runTask(AbstractEventExecutor.java:174)
	at io.netty.util.concurrent.AbstractEventExecutor.safeExecute(AbstractEventExecutor.java:167)
	at io.netty.util.concurrent.SingleThreadEventExecutor.runAllTasks(SingleThreadEventExecutor.java:470)
	at io.netty.channel.nio.NioEventLoop.run(NioEventLoop.java:500)
	at io.netty.util.concurrent.SingleThreadEventExecutor$4.run(SingleThreadEventExecutor.java:997)
	at io.netty.util.internal.ThreadExecutorMap$2.run(ThreadExecutorMap.java:74)
	at io.netty.util.concurrent.FastThreadLocalRunnable.run(FastThreadLocalRunnable.java:30)
	at java.base/java.lang.Thread.run(Thread.java:840)

2026-02-24 09:34:28 java.lang.ClassCastException: class game.dragonhero.table.StandaloneMoveRoom cannot be cast to class game.dragonhero.table.BaseRoom (game.dragonhero.table.StandaloneMoveRoom and game.dragonhero.table.BaseRoom are in unnamed module of loader 'app')
	at ozudo.base.helper.ChUtil.getRoom(ChUtil.java:51)
	at game.monitor.Online.logoutChannel(Online.java:162)
	at ozudo.net.AbstractHandler.channelUnregistered(AbstractHandler.java:89)
	at io.netty.channel.AbstractChannelHandlerContext.invokeChannelUnregistered(AbstractChannelHandlerContext.java:198)
	at io.netty.channel.AbstractChannelHandlerContext.invokeChannelUnregistered(AbstractChannelHandlerContext.java:184)
	at io.netty.channel.AbstractChannelHandlerContext.fireChannelUnregistered(AbstractChannelHandlerContext.java:177)
	at io.netty.channel.DefaultChannelPipeline$HeadContext.channelUnregistered(DefaultChannelPipeline.java:1388)
	at io.netty.channel.AbstractChannelHandlerContext.invokeChannelUnregistered(AbstractChannelHandlerContext.java:198)
	at io.netty.channel.AbstractChannelHandlerContext.invokeChannelUnregistered(AbstractChannelHandlerContext.java:184)
	at io.netty.channel.DefaultChannelPipeline.fireChannelUnregistered(DefaultChannelPipeline.java:821)
	at io.netty.channel.AbstractChannel$AbstractUnsafe$7.run(AbstractChannel.java:821)
	at io.netty.util.concurrent.AbstractEventExecutor.runTask(AbstractEventExecutor.java:174)
	at io.netty.util.concurrent.AbstractEventExecutor.safeExecute(AbstractEventExecutor.java:167)
	at io.netty.util.concurrent.SingleThreadEventExecutor.runAllTasks(SingleThreadEventExecutor.java:470)
	at io.netty.channel.nio.NioEventLoop.run(NioEventLoop.java:500)
	at io.netty.util.concurrent.SingleThreadEventExecutor$4.run(SingleThreadEventExecutor.java:997)
	at io.netty.util.internal.ThreadExecutorMap$2.run(ThreadExecutorMap.java:74)
	at io.netty.util.concurrent.FastThreadLocalRunnable.run(FastThreadLocalRunnable.java:30)
	at java.base/java.lang.Thread.run(Thread.java:840)

2026-02-24 10:24:52 java.lang.ClassCastException: class game.dragonhero.table.StandaloneMoveRoom cannot be cast to class game.dragonhero.table.BaseRoom (game.dragonhero.table.StandaloneMoveRoom and game.dragonhero.table.BaseRoom are in unnamed module of loader 'app')
	at ozudo.base.helper.ChUtil.getRoom(ChUtil.java:51)
	at game.monitor.Online.logoutChannel(Online.java:162)
	at ozudo.net.AbstractHandler.channelUnregistered(AbstractHandler.java:89)
	at io.netty.channel.AbstractChannelHandlerContext.invokeChannelUnregistered(AbstractChannelHandlerContext.java:198)
	at io.netty.channel.AbstractChannelHandlerContext.invokeChannelUnregistered(AbstractChannelHandlerContext.java:184)
	at io.netty.channel.AbstractChannelHandlerContext.fireChannelUnregistered(AbstractChannelHandlerContext.java:177)
	at io.netty.channel.DefaultChannelPipeline$HeadContext.channelUnregistered(DefaultChannelPipeline.java:1388)
	at io.netty.channel.AbstractChannelHandlerContext.invokeChannelUnregistered(AbstractChannelHandlerContext.java:198)
	at io.netty.channel.AbstractChannelHandlerContext.invokeChannelUnregistered(AbstractChannelHandlerContext.java:184)
	at io.netty.channel.DefaultChannelPipeline.fireChannelUnregistered(DefaultChannelPipeline.java:821)
	at io.netty.channel.AbstractChannel$AbstractUnsafe$7.run(AbstractChannel.java:821)
	at io.netty.util.concurrent.AbstractEventExecutor.runTask(AbstractEventExecutor.java:174)
	at io.netty.util.concurrent.AbstractEventExecutor.safeExecute(AbstractEventExecutor.java:167)
	at io.netty.util.concurrent.SingleThreadEventExecutor.runAllTasks(SingleThreadEventExecutor.java:470)
	at io.netty.channel.nio.NioEventLoop.run(NioEventLoop.java:500)
	at io.netty.util.concurrent.SingleThreadEventExecutor$4.run(SingleThreadEventExecutor.java:997)
	at io.netty.util.internal.ThreadExecutorMap$2.run(ThreadExecutorMap.java:74)
	at io.netty.util.concurrent.FastThreadLocalRunnable.run(FastThreadLocalRunnable.java:30)
	at java.base/java.lang.Thread.run(Thread.java:840)

2026-02-24 10:25:03 java.lang.ClassCastException: class game.dragonhero.table.StandaloneMoveRoom cannot be cast to class game.dragonhero.table.BaseRoom (game.dragonhero.table.StandaloneMoveRoom and game.dragonhero.table.BaseRoom are in unnamed module of loader 'app')
	at ozudo.base.helper.ChUtil.getRoom(ChUtil.java:51)
	at game.monitor.Online.logoutChannel(Online.java:162)
	at ozudo.net.AbstractHandler.channelUnregistered(AbstractHandler.java:89)
	at io.netty.channel.AbstractChannelHandlerContext.invokeChannelUnregistered(AbstractChannelHandlerContext.java:198)
	at io.netty.channel.AbstractChannelHandlerContext.invokeChannelUnregistered(AbstractChannelHandlerContext.java:184)
	at io.netty.channel.AbstractChannelHandlerContext.fireChannelUnregistered(AbstractChannelHandlerContext.java:177)
	at io.netty.channel.DefaultChannelPipeline$HeadContext.channelUnregistered(DefaultChannelPipeline.java:1388)
	at io.netty.channel.AbstractChannelHandlerContext.invokeChannelUnregistered(AbstractChannelHandlerContext.java:198)
	at io.netty.channel.AbstractChannelHandlerContext.invokeChannelUnregistered(AbstractChannelHandlerContext.java:184)
	at io.netty.channel.DefaultChannelPipeline.fireChannelUnregistered(DefaultChannelPipeline.java:821)
	at io.netty.channel.AbstractChannel$AbstractUnsafe$7.run(AbstractChannel.java:821)
	at io.netty.util.concurrent.AbstractEventExecutor.runTask(AbstractEventExecutor.java:174)
	at io.netty.util.concurrent.AbstractEventExecutor.safeExecute(AbstractEventExecutor.java:167)
	at io.netty.util.concurrent.SingleThreadEventExecutor.runAllTasks(SingleThreadEventExecutor.java:470)
	at io.netty.channel.nio.NioEventLoop.run(NioEventLoop.java:500)
	at io.netty.util.concurrent.SingleThreadEventExecutor$4.run(SingleThreadEventExecutor.java:997)
	at io.netty.util.internal.ThreadExecutorMap$2.run(ThreadExecutorMap.java:74)
	at io.netty.util.concurrent.FastThreadLocalRunnable.run(FastThreadLocalRunnable.java:30)
	at java.base/java.lang.Thread.run(Thread.java:840)

2026-02-24 10:27:37 java.lang.ClassCastException: class game.dragonhero.table.StandaloneMoveRoom cannot be cast to class game.dragonhero.table.BaseRoom (game.dragonhero.table.StandaloneMoveRoom and game.dragonhero.table.BaseRoom are in unnamed module of loader 'app')
	at ozudo.base.helper.ChUtil.getRoom(ChUtil.java:51)
	at game.monitor.Online.logoutChannel(Online.java:162)
	at ozudo.net.AbstractHandler.channelUnregistered(AbstractHandler.java:89)
	at io.netty.channel.AbstractChannelHandlerContext.invokeChannelUnregistered(AbstractChannelHandlerContext.java:198)
	at io.netty.channel.AbstractChannelHandlerContext.invokeChannelUnregistered(AbstractChannelHandlerContext.java:184)
	at io.netty.channel.AbstractChannelHandlerContext.fireChannelUnregistered(AbstractChannelHandlerContext.java:177)
	at io.netty.channel.DefaultChannelPipeline$HeadContext.channelUnregistered(DefaultChannelPipeline.java:1388)
	at io.netty.channel.AbstractChannelHandlerContext.invokeChannelUnregistered(AbstractChannelHandlerContext.java:198)
	at io.netty.channel.AbstractChannelHandlerContext.invokeChannelUnregistered(AbstractChannelHandlerContext.java:184)
	at io.netty.channel.DefaultChannelPipeline.fireChannelUnregistered(DefaultChannelPipeline.java:821)
	at io.netty.channel.AbstractChannel$AbstractUnsafe$7.run(AbstractChannel.java:821)
	at io.netty.util.concurrent.AbstractEventExecutor.runTask(AbstractEventExecutor.java:174)
	at io.netty.util.concurrent.AbstractEventExecutor.safeExecute(AbstractEventExecutor.java:167)
	at io.netty.util.concurrent.SingleThreadEventExecutor.runAllTasks(SingleThreadEventExecutor.java:470)
	at io.netty.channel.nio.NioEventLoop.run(NioEventLoop.java:500)
	at io.netty.util.concurrent.SingleThreadEventExecutor$4.run(SingleThreadEventExecutor.java:997)
	at io.netty.util.internal.ThreadExecutorMap$2.run(ThreadExecutorMap.java:74)
	at io.netty.util.concurrent.FastThreadLocalRunnable.run(FastThreadLocalRunnable.java:30)
	at java.base/java.lang.Thread.run(Thread.java:840)

2026-02-24 11:19:52 java.lang.ClassCastException: class game.dragonhero.table.StandaloneMoveRoom cannot be cast to class game.dragonhero.table.BaseRoom (game.dragonhero.table.StandaloneMoveRoom and game.dragonhero.table.BaseRoom are in unnamed module of loader 'app')
	at ozudo.base.helper.ChUtil.getRoom(ChUtil.java:51)
	at game.monitor.Online.logoutChannel(Online.java:162)
	at ozudo.net.AbstractHandler.channelUnregistered(AbstractHandler.java:89)
	at io.netty.channel.AbstractChannelHandlerContext.invokeChannelUnregistered(AbstractChannelHandlerContext.java:198)
	at io.netty.channel.AbstractChannelHandlerContext.invokeChannelUnregistered(AbstractChannelHandlerContext.java:184)
	at io.netty.channel.AbstractChannelHandlerContext.fireChannelUnregistered(AbstractChannelHandlerContext.java:177)
	at io.netty.channel.DefaultChannelPipeline$HeadContext.channelUnregistered(DefaultChannelPipeline.java:1388)
	at io.netty.channel.AbstractChannelHandlerContext.invokeChannelUnregistered(AbstractChannelHandlerContext.java:198)
	at io.netty.channel.AbstractChannelHandlerContext.invokeChannelUnregistered(AbstractChannelHandlerContext.java:184)
	at io.netty.channel.DefaultChannelPipeline.fireChannelUnregistered(DefaultChannelPipeline.java:821)
	at io.netty.channel.AbstractChannel$AbstractUnsafe$7.run(AbstractChannel.java:821)
	at io.netty.util.concurrent.AbstractEventExecutor.runTask(AbstractEventExecutor.java:174)
	at io.netty.util.concurrent.AbstractEventExecutor.safeExecute(AbstractEventExecutor.java:167)
	at io.netty.util.concurrent.SingleThreadEventExecutor.runAllTasks(SingleThreadEventExecutor.java:470)
	at io.netty.channel.nio.NioEventLoop.run(NioEventLoop.java:500)
	at io.netty.util.concurrent.SingleThreadEventExecutor$4.run(SingleThreadEventExecutor.java:997)
	at io.netty.util.internal.ThreadExecutorMap$2.run(ThreadExecutorMap.java:74)
	at io.netty.util.concurrent.FastThreadLocalRunnable.run(FastThreadLocalRunnable.java:30)
	at java.base/java.lang.Thread.run(Thread.java:840)

2026-02-24 11:37:14 java.lang.ClassCastException: class game.dragonhero.table.StandaloneMoveRoom cannot be cast to class game.dragonhero.table.BaseRoom (game.dragonhero.table.StandaloneMoveRoom and game.dragonhero.table.BaseRoom are in unnamed module of loader 'app')
	at ozudo.base.helper.ChUtil.getRoom(ChUtil.java:51)
	at game.monitor.Online.logoutChannel(Online.java:162)
	at ozudo.net.AbstractHandler.close(AbstractHandler.java:82)
	at io.netty.channel.AbstractChannelHandlerContext.invokeClose(AbstractChannelHandlerContext.java:622)
	at io.netty.channel.AbstractChannelHandlerContext.close(AbstractChannelHandlerContext.java:606)
	at io.netty.channel.AbstractChannelHandlerContext.close(AbstractChannelHandlerContext.java:472)
	at io.netty.channel.DefaultChannelPipeline.close(DefaultChannelPipeline.java:957)
	at io.netty.channel.AbstractChannel.close(AbstractChannel.java:244)
	at ozudo.net.AbstractHandler.exceptionCaught(AbstractHandler.java:38)
	at io.netty.channel.AbstractChannelHandlerContext.invokeExceptionCaught(AbstractChannelHandlerContext.java:302)
	at io.netty.channel.AbstractChannelHandlerContext.invokeUserEventTriggered(AbstractChannelHandlerContext.java:348)
	at io.netty.channel.AbstractChannelHandlerContext.invokeUserEventTriggered(AbstractChannelHandlerContext.java:332)
	at io.netty.channel.AbstractChannelHandlerContext.fireUserEventTriggered(AbstractChannelHandlerContext.java:324)
	at io.netty.handler.timeout.IdleStateHandler.channelIdle(IdleStateHandler.java:373)
	at io.netty.handler.timeout.IdleStateHandler$ReaderIdleTimeoutTask.run(IdleStateHandler.java:503)
	at io.netty.handler.timeout.IdleStateHandler$AbstractIdleTask.run(IdleStateHandler.java:475)
	at io.netty.util.concurrent.PromiseTask.runTask(PromiseTask.java:98)
	at io.netty.util.concurrent.ScheduledFutureTask.run(ScheduledFutureTask.java:153)
	at io.netty.util.concurrent.AbstractEventExecutor.runTask(AbstractEventExecutor.java:174)
	at io.netty.util.concurrent.AbstractEventExecutor.safeExecute(AbstractEventExecutor.java:167)
	at io.netty.util.concurrent.SingleThreadEventExecutor.runAllTasks(SingleThreadEventExecutor.java:470)
	at io.netty.channel.nio.NioEventLoop.run(NioEventLoop.java:503)
	at io.netty.util.concurrent.SingleThreadEventExecutor$4.run(SingleThreadEventExecutor.java:997)
	at io.netty.util.internal.ThreadExecutorMap$2.run(ThreadExecutorMap.java:74)
	at io.netty.util.concurrent.FastThreadLocalRunnable.run(FastThreadLocalRunnable.java:30)
	at java.base/java.lang.Thread.run(Thread.java:840)

2026-02-24 11:37:14 java.lang.ClassCastException: class game.dragonhero.table.StandaloneMoveRoom cannot be cast to class game.dragonhero.table.BaseRoom (game.dragonhero.table.StandaloneMoveRoom and game.dragonhero.table.BaseRoom are in unnamed module of loader 'app')
	at ozudo.base.helper.ChUtil.getRoom(ChUtil.java:51)
	at game.monitor.Online.logoutChannel(Online.java:162)
	at ozudo.net.AbstractHandler.channelUnregistered(AbstractHandler.java:89)
	at io.netty.channel.AbstractChannelHandlerContext.invokeChannelUnregistered(AbstractChannelHandlerContext.java:198)
	at io.netty.channel.AbstractChannelHandlerContext.invokeChannelUnregistered(AbstractChannelHandlerContext.java:184)
	at io.netty.channel.AbstractChannelHandlerContext.fireChannelUnregistered(AbstractChannelHandlerContext.java:177)
	at io.netty.channel.DefaultChannelPipeline$HeadContext.channelUnregistered(DefaultChannelPipeline.java:1388)
	at io.netty.channel.AbstractChannelHandlerContext.invokeChannelUnregistered(AbstractChannelHandlerContext.java:198)
	at io.netty.channel.AbstractChannelHandlerContext.invokeChannelUnregistered(AbstractChannelHandlerContext.java:184)
	at io.netty.channel.DefaultChannelPipeline.fireChannelUnregistered(DefaultChannelPipeline.java:821)
	at io.netty.channel.AbstractChannel$AbstractUnsafe$7.run(AbstractChannel.java:821)
	at io.netty.util.concurrent.AbstractEventExecutor.runTask(AbstractEventExecutor.java:174)
	at io.netty.util.concurrent.AbstractEventExecutor.safeExecute(AbstractEventExecutor.java:167)
	at io.netty.util.concurrent.SingleThreadEventExecutor.runAllTasks(SingleThreadEventExecutor.java:470)
	at io.netty.channel.nio.NioEventLoop.run(NioEventLoop.java:503)
	at io.netty.util.concurrent.SingleThreadEventExecutor$4.run(SingleThreadEventExecutor.java:997)
	at io.netty.util.internal.ThreadExecutorMap$2.run(ThreadExecutorMap.java:74)
	at io.netty.util.concurrent.FastThreadLocalRunnable.run(FastThreadLocalRunnable.java:30)
	at java.base/java.lang.Thread.run(Thread.java:840)

2026-02-24 13:30:15 java.lang.ClassCastException: class game.dragonhero.table.StandaloneMoveRoom cannot be cast to class game.dragonhero.table.BaseRoom (game.dragonhero.table.StandaloneMoveRoom and game.dragonhero.table.BaseRoom are in unnamed module of loader 'app')
	at ozudo.base.helper.ChUtil.getRoom(ChUtil.java:51)
	at game.monitor.Online.logoutChannel(Online.java:162)
	at ozudo.net.AbstractHandler.channelUnregistered(AbstractHandler.java:89)
	at io.netty.channel.AbstractChannelHandlerContext.invokeChannelUnregistered(AbstractChannelHandlerContext.java:198)
	at io.netty.channel.AbstractChannelHandlerContext.invokeChannelUnregistered(AbstractChannelHandlerContext.java:184)
	at io.netty.channel.AbstractChannelHandlerContext.fireChannelUnregistered(AbstractChannelHandlerContext.java:177)
	at io.netty.channel.DefaultChannelPipeline$HeadContext.channelUnregistered(DefaultChannelPipeline.java:1388)
	at io.netty.channel.AbstractChannelHandlerContext.invokeChannelUnregistered(AbstractChannelHandlerContext.java:198)
	at io.netty.channel.AbstractChannelHandlerContext.invokeChannelUnregistered(AbstractChannelHandlerContext.java:184)
	at io.netty.channel.DefaultChannelPipeline.fireChannelUnregistered(DefaultChannelPipeline.java:821)
	at io.netty.channel.AbstractChannel$AbstractUnsafe$7.run(AbstractChannel.java:821)
	at io.netty.util.concurrent.AbstractEventExecutor.runTask(AbstractEventExecutor.java:174)
	at io.netty.util.concurrent.AbstractEventExecutor.safeExecute(AbstractEventExecutor.java:167)
	at io.netty.util.concurrent.SingleThreadEventExecutor.runAllTasks(SingleThreadEventExecutor.java:470)
	at io.netty.channel.nio.NioEventLoop.run(NioEventLoop.java:500)
	at io.netty.util.concurrent.SingleThreadEventExecutor$4.run(SingleThreadEventExecutor.java:997)
	at io.netty.util.internal.ThreadExecutorMap$2.run(ThreadExecutorMap.java:74)
	at io.netty.util.concurrent.FastThreadLocalRunnable.run(FastThreadLocalRunnable.java:30)
	at java.base/java.lang.Thread.run(Thread.java:840)

2026-02-24 13:39:38 java.lang.ClassCastException: class game.dragonhero.table.StandaloneMoveRoom cannot be cast to class game.dragonhero.table.BaseRoom (game.dragonhero.table.StandaloneMoveRoom and game.dragonhero.table.BaseRoom are in unnamed module of loader 'app')
	at ozudo.base.helper.ChUtil.getRoom(ChUtil.java:51)
	at game.monitor.Online.logoutChannel(Online.java:162)
	at ozudo.net.AbstractHandler.close(AbstractHandler.java:82)
	at io.netty.channel.AbstractChannelHandlerContext.invokeClose(AbstractChannelHandlerContext.java:622)
	at io.netty.channel.AbstractChannelHandlerContext.close(AbstractChannelHandlerContext.java:606)
	at io.netty.channel.AbstractChannelHandlerContext.close(AbstractChannelHandlerContext.java:472)
	at io.netty.channel.DefaultChannelPipeline.close(DefaultChannelPipeline.java:957)
	at io.netty.channel.AbstractChannel.close(AbstractChannel.java:244)
	at ozudo.net.AbstractHandler.exceptionCaught(AbstractHandler.java:38)
	at io.netty.channel.AbstractChannelHandlerContext.invokeExceptionCaught(AbstractChannelHandlerContext.java:302)
	at io.netty.channel.AbstractChannelHandlerContext.invokeUserEventTriggered(AbstractChannelHandlerContext.java:348)
	at io.netty.channel.AbstractChannelHandlerContext.invokeUserEventTriggered(AbstractChannelHandlerContext.java:332)
	at io.netty.channel.AbstractChannelHandlerContext.fireUserEventTriggered(AbstractChannelHandlerContext.java:324)
	at io.netty.handler.timeout.IdleStateHandler.channelIdle(IdleStateHandler.java:373)
	at io.netty.handler.timeout.IdleStateHandler$ReaderIdleTimeoutTask.run(IdleStateHandler.java:503)
	at io.netty.handler.timeout.IdleStateHandler$AbstractIdleTask.run(IdleStateHandler.java:475)
	at io.netty.util.concurrent.PromiseTask.runTask(PromiseTask.java:98)
	at io.netty.util.concurrent.ScheduledFutureTask.run(ScheduledFutureTask.java:153)
	at io.netty.util.concurrent.AbstractEventExecutor.runTask(AbstractEventExecutor.java:174)
	at io.netty.util.concurrent.AbstractEventExecutor.safeExecute(AbstractEventExecutor.java:167)
	at io.netty.util.concurrent.SingleThreadEventExecutor.runAllTasks(SingleThreadEventExecutor.java:470)
	at io.netty.channel.nio.NioEventLoop.run(NioEventLoop.java:503)
	at io.netty.util.concurrent.SingleThreadEventExecutor$4.run(SingleThreadEventExecutor.java:997)
	at io.netty.util.internal.ThreadExecutorMap$2.run(ThreadExecutorMap.java:74)
	at io.netty.util.concurrent.FastThreadLocalRunnable.run(FastThreadLocalRunnable.java:30)
	at java.base/java.lang.Thread.run(Thread.java:840)

2026-02-24 13:39:38 java.lang.ClassCastException: class game.dragonhero.table.StandaloneMoveRoom cannot be cast to class game.dragonhero.table.BaseRoom (game.dragonhero.table.StandaloneMoveRoom and game.dragonhero.table.BaseRoom are in unnamed module of loader 'app')
	at ozudo.base.helper.ChUtil.getRoom(ChUtil.java:51)
	at game.monitor.Online.logoutChannel(Online.java:162)
	at ozudo.net.AbstractHandler.channelUnregistered(AbstractHandler.java:89)
	at io.netty.channel.AbstractChannelHandlerContext.invokeChannelUnregistered(AbstractChannelHandlerContext.java:198)
	at io.netty.channel.AbstractChannelHandlerContext.invokeChannelUnregistered(AbstractChannelHandlerContext.java:184)
	at io.netty.channel.AbstractChannelHandlerContext.fireChannelUnregistered(AbstractChannelHandlerContext.java:177)
	at io.netty.channel.DefaultChannelPipeline$HeadContext.channelUnregistered(DefaultChannelPipeline.java:1388)
	at io.netty.channel.AbstractChannelHandlerContext.invokeChannelUnregistered(AbstractChannelHandlerContext.java:198)
	at io.netty.channel.AbstractChannelHandlerContext.invokeChannelUnregistered(AbstractChannelHandlerContext.java:184)
	at io.netty.channel.DefaultChannelPipeline.fireChannelUnregistered(DefaultChannelPipeline.java:821)
	at io.netty.channel.AbstractChannel$AbstractUnsafe$7.run(AbstractChannel.java:821)
	at io.netty.util.concurrent.AbstractEventExecutor.runTask(AbstractEventExecutor.java:174)
	at io.netty.util.concurrent.AbstractEventExecutor.safeExecute(AbstractEventExecutor.java:167)
	at io.netty.util.concurrent.SingleThreadEventExecutor.runAllTasks(SingleThreadEventExecutor.java:470)
	at io.netty.channel.nio.NioEventLoop.run(NioEventLoop.java:503)
	at io.netty.util.concurrent.SingleThreadEventExecutor$4.run(SingleThreadEventExecutor.java:997)
	at io.netty.util.internal.ThreadExecutorMap$2.run(ThreadExecutorMap.java:74)
	at io.netty.util.concurrent.FastThreadLocalRunnable.run(FastThreadLocalRunnable.java:30)
	at java.base/java.lang.Thread.run(Thread.java:840)

